
> workspacerx@0.1.0 dev:backend
> npm run dev --workspace=backend


> workspacerx-backend@0.1.0 dev
> tsx watch src/index.ts

✓ Backend running on port 3000
10:26:03 AM [tsx] change in ./src\services\analysisService.ts Restarting...
cnode:events:487
      throw er; // Unhandled 'error' event
      ^

Error: listen EADDRINUSE: address already in use :::3000
    at Server.setupListenHandle [as _listen2] (node:net:2008:16)
    at listenInCluster (node:net:2065:12)
    at Server.listen (node:net:2170:7)
    at app.listen (C:\Users\cladi\OneDrive\Desktop\Shirley Ryan\WorkSpaceRx\workspacerx-app\node_modules\express\lib\application.js:635:24)
    at <anonymous> (C:\Users\cladi\OneDrive\Desktop\Shirley Ryan\WorkSpaceRx\workspacerx-app\backend\src\index.ts:68:5)
    at ModuleJob.run (node:internal/modules/esm/module_job:439:25)
    at async node:internal/modules/esm/loader:633:26
    at async asyncRunEntryPointWithESMLoader (node:internal/modules/run_main:101:5)
Emitted 'error' event on Server instance at:
    at emitErrorNT (node:net:2044:8)
    at process.processTicksAndRejections (node:internal/process/task_queues:90:21) {
  code: 'EADDRINUSE',
  errno: -4091,
  syscall: 'listen',
  address: '::',
  port: 3000
}

Node.js v24.16.0
11:43:45 AM [tsx] change in ./src\services\analysisService.ts Rerunning...
cnode:internal/modules/run_main:107
    triggerUncaughtException(
    ^

Error: Transform failed with 1 error:
C:\Users\cladi\OneDrive\Desktop\Shirley Ryan\WorkSpaceRx\workspacerx-app\backend\src\services\analysisService.ts:104:6: ERROR: The symbol "result" has already been declared
    at failureErrorWithLog (C:\Users\cladi\OneDrive\Desktop\Shirley Ryan\WorkSpaceRx\workspacerx-app\node_modules\tsx\node_modules\esbuild\lib\main.js:1748:15)
    at C:\Users\cladi\OneDrive\Desktop\Shirley Ryan\WorkSpaceRx\workspacerx-app\node_modules\tsx\node_modules\esbuild\lib\main.js:1017:50
    at responseCallbacks.<computed> (C:\Users\cladi\OneDrive\Desktop\Shirley Ryan\WorkSpaceRx\workspacerx-app\node_modules\tsx\node_modules\esbuild\lib\main.js:884:9)
    at handleIncomingPacket (C:\Users\cladi\OneDrive\Desktop\Shirley Ryan\WorkSpaceRx\workspacerx-app\node_modules\tsx\node_modules\esbuild\lib\main.js:939:12)
    at Socket.readFromStdout (C:\Users\cladi\OneDrive\Desktop\Shirley Ryan\WorkSpaceRx\workspacerx-app\node_modules\tsx\node_modules\esbuild\lib\main.js:862:7)
    at Socket.emit (node:events:509:28)
    at addChunk (node:internal/streams/readable:563:12)
    at readableAddChunkPushByteMode (node:internal/streams/readable:514:3)
    at Readable.push (node:internal/streams/readable:394:5)
    at Pipe.onStreamRead (node:internal/stream_base_commons:189:23) {
  name: 'TransformError'
}

Node.js v24.16.0
11:45:20 AM [tsx] change in ./src\services\analysisService.ts Rerunning...
cnode:internal/modules/package_json_reader:301
  throw new ERR_MODULE_NOT_FOUND(packageName, fileURLToPath(base), null);
        ^

Error [ERR_MODULE_NOT_FOUND]: Cannot find package '@google/generative-ai' imported from C:\Users\cladi\OneDrive\Desktop\Shirley Ryan\WorkSpaceRx\workspacerx-app\backend\src\services\analysisService.ts
    at Object.getPackageJSONURL (node:internal/modules/package_json_reader:301:9)
    at packageResolve (node:internal/modules/esm/resolve:768:81)
    at moduleResolve (node:internal/modules/esm/resolve:859:18)
    at defaultResolve (node:internal/modules/esm/resolve:992:11)
    at #cachedDefaultResolve (node:internal/modules/esm/loader:691:20)
    at #resolveAndMaybeBlockOnLoaderThread (node:internal/modules/esm/loader:708:38)
    at nextStep (node:internal/modules/customization_hooks:189:26)
    at resolveBaseSync (file:///C:/Users/cladi/OneDrive/Desktop/Shirley%20Ryan/WorkSpaceRx/workspacerx-app/node_modules/tsx/dist/register-CqMfTiWi.mjs:2:8745)
    at resolveDirectorySync (file:///C:/Users/cladi/OneDrive/Desktop/Shirley%20Ryan/WorkSpaceRx/workspacerx-app/node_modules/tsx/dist/register-CqMfTiWi.mjs:2:9958)
    at resolveTsPathsSync (file:///C:/Users/cladi/OneDrive/Desktop/Shirley%20Ryan/WorkSpaceRx/workspacerx-app/node_modules/tsx/dist/register-CqMfTiWi.mjs:2:11190) {
  code: 'ERR_MODULE_NOT_FOUND'
}

Node.js v24.16.0
11:46:45 AM [tsx] change in ./src\index.ts Rerunning...
cnode:internal/modules/package_json_reader:301
  throw new ERR_MODULE_NOT_FOUND(packageName, fileURLToPath(base), null);
        ^

Error [ERR_MODULE_NOT_FOUND]: Cannot find package '@google/generative-ai' imported from C:\Users\cladi\OneDrive\Desktop\Shirley Ryan\WorkSpaceRx\workspacerx-app\backend\src\services\analysisService.ts
    at Object.getPackageJSONURL (node:internal/modules/package_json_reader:301:9)
    at packageResolve (node:internal/modules/esm/resolve:768:81)
    at moduleResolve (node:internal/modules/esm/resolve:859:18)
    at defaultResolve (node:internal/modules/esm/resolve:992:11)
    at #cachedDefaultResolve (node:internal/modules/esm/loader:691:20)
    at #resolveAndMaybeBlockOnLoaderThread (node:internal/modules/esm/loader:708:38)
    at nextStep (node:internal/modules/customization_hooks:189:26)
    at resolveBaseSync (file:///C:/Users/cladi/OneDrive/Desktop/Shirley%20Ryan/WorkSpaceRx/workspacerx-app/node_modules/tsx/dist/register-CqMfTiWi.mjs:2:8745)
    at resolveDirectorySync (file:///C:/Users/cladi/OneDrive/Desktop/Shirley%20Ryan/WorkSpaceRx/workspacerx-app/node_modules/tsx/dist/register-CqMfTiWi.mjs:2:9958)
    at resolveTsPathsSync (file:///C:/Users/cladi/OneDrive/Desktop/Shirley%20Ryan/WorkSpaceRx/workspacerx-app/node_modules/tsx/dist/register-CqMfTiWi.mjs:2:11190) {
  code: 'ERR_MODULE_NOT_FOUND'
}

Node.js v24.16.0
12:02:33 PM [tsx] change in ./src\services\analysisService.ts Rerunning...
cnode:internal/modules/package_json_reader:301
  throw new ERR_MODULE_NOT_FOUND(packageName, fileURLToPath(base), null);
        ^

Error [ERR_MODULE_NOT_FOUND]: Cannot find package '@google/generative-ai' imported from C:\Users\cladi\OneDrive\Desktop\Shirley Ryan\WorkSpaceRx\workspacerx-app\backend\src\services\analysisService.ts
    at Object.getPackageJSONURL (node:internal/modules/package_json_reader:301:9)
    at packageResolve (node:internal/modules/esm/resolve:768:81)
    at moduleResolve (node:internal/modules/esm/resolve:859:18)
    at defaultResolve (node:internal/modules/esm/resolve:992:11)
    at #cachedDefaultResolve (node:internal/modules/esm/loader:691:20)
    at #resolveAndMaybeBlockOnLoaderThread (node:internal/modules/esm/loader:708:38)
    at nextStep (node:internal/modules/customization_hooks:189:26)
    at resolveBaseSync (file:///C:/Users/cladi/OneDrive/Desktop/Shirley%20Ryan/WorkSpaceRx/workspacerx-app/node_modules/tsx/dist/register-CqMfTiWi.mjs:2:8745)
    at resolveDirectorySync (file:///C:/Users/cladi/OneDrive/Desktop/Shirley%20Ryan/WorkSpaceRx/workspacerx-app/node_modules/tsx/dist/register-CqMfTiWi.mjs:2:9958)
    at resolveTsPathsSync (file:///C:/Users/cladi/OneDrive/Desktop/Shirley%20Ryan/WorkSpaceRx/workspacerx-app/node_modules/tsx/dist/register-CqMfTiWi.mjs:2:11190) {
  code: 'ERR_MODULE_NOT_FOUND'
}

Node.js v24.16.0
12:58:58 PM [tsx] change in ./src\services\analysisService.ts Rerunning...
cnode:internal/modules/package_json_reader:301
  throw new ERR_MODULE_NOT_FOUND(packageName, fileURLToPath(base), null);
        ^

Error [ERR_MODULE_NOT_FOUND]: Cannot find package '@google/generative-ai' imported from C:\Users\cladi\OneDrive\Desktop\Shirley Ryan\WorkSpaceRx\workspacerx-app\backend\src\services\analysisService.ts
    at Object.getPackageJSONURL (node:internal/modules/package_json_reader:301:9)
    at packageResolve (node:internal/modules/esm/resolve:768:81)
    at moduleResolve (node:internal/modules/esm/resolve:859:18)
    at defaultResolve (node:internal/modules/esm/resolve:992:11)
    at #cachedDefaultResolve (node:internal/modules/esm/loader:691:20)
    at #resolveAndMaybeBlockOnLoaderThread (node:internal/modules/esm/loader:708:38)
    at nextStep (node:internal/modules/customization_hooks:189:26)
    at resolveBaseSync (file:///C:/Users/cladi/OneDrive/Desktop/Shirley%20Ryan/WorkSpaceRx/workspacerx-app/node_modules/tsx/dist/register-CqMfTiWi.mjs:2:8745)
    at resolveDirectorySync (file:///C:/Users/cladi/OneDrive/Desktop/Shirley%20Ryan/WorkSpaceRx/workspacerx-app/node_modules/tsx/dist/register-CqMfTiWi.mjs:2:9958)
    at resolveTsPathsSync (file:///C:/Users/cladi/OneDrive/Desktop/Shirley%20Ryan/WorkSpaceRx/workspacerx-app/node_modules/tsx/dist/register-CqMfTiWi.mjs:2:11190) {
  code: 'ERR_MODULE_NOT_FOUND'
}

Node.js v24.16.0
1:01:17 PM [tsx] change in ./src\index.ts Rerunning...
cnode:internal/modules/package_json_reader:301
  throw new ERR_MODULE_NOT_FOUND(packageName, fileURLToPath(base), null);
        ^

Error [ERR_MODULE_NOT_FOUND]: Cannot find package '@google/generative-ai' imported from C:\Users\cladi\OneDrive\Desktop\Shirley Ryan\WorkSpaceRx\workspacerx-app\backend\src\services\analysisService.ts
    at Object.getPackageJSONURL (node:internal/modules/package_json_reader:301:9)
    at packageResolve (node:internal/modules/esm/resolve:768:81)
    at moduleResolve (node:internal/modules/esm/resolve:859:18)
    at defaultResolve (node:internal/modules/esm/resolve:992:11)
    at #cachedDefaultResolve (node:internal/modules/esm/loader:691:20)
    at #resolveAndMaybeBlockOnLoaderThread (node:internal/modules/esm/loader:708:38)
    at nextStep (node:internal/modules/customization_hooks:189:26)
    at resolveBaseSync (file:///C:/Users/cladi/OneDrive/Desktop/Shirley%20Ryan/WorkSpaceRx/workspacerx-app/node_modules/tsx/dist/register-CqMfTiWi.mjs:2:8745)
    at resolveDirectorySync (file:///C:/Users/cladi/OneDrive/Desktop/Shirley%20Ryan/WorkSpaceRx/workspacerx-app/node_modules/tsx/dist/register-CqMfTiWi.mjs:2:9958)
    at resolveTsPathsSync (file:///C:/Users/cladi/OneDrive/Desktop/Shirley%20Ryan/WorkSpaceRx/workspacerx-app/node_modules/tsx/dist/register-CqMfTiWi.mjs:2:11190) {
  code: 'ERR_MODULE_NOT_FOUND'
}

Node.js v24.16.0
1:10:58 PM [tsx] change in ./src\services\analysisService.ts Rerunning...
cnode:internal/modules/package_json_reader:301
  throw new ERR_MODULE_NOT_FOUND(packageName, fileURLToPath(base), null);
        ^

Error [ERR_MODULE_NOT_FOUND]: Cannot find package '@google/generative-ai' imported from C:\Users\cladi\OneDrive\Desktop\Shirley Ryan\WorkSpaceRx\workspacerx-app\backend\src\services\analysisService.ts
    at Object.getPackageJSONURL (node:internal/modules/package_json_reader:301:9)
    at packageResolve (node:internal/modules/esm/resolve:768:81)
    at moduleResolve (node:internal/modules/esm/resolve:859:18)
    at defaultResolve (node:internal/modules/esm/resolve:992:11)
    at #cachedDefaultResolve (node:internal/modules/esm/loader:691:20)
    at #resolveAndMaybeBlockOnLoaderThread (node:internal/modules/esm/loader:708:38)
    at nextStep (node:internal/modules/customization_hooks:189:26)
    at resolveBaseSync (file:///C:/Users/cladi/OneDrive/Desktop/Shirley%20Ryan/WorkSpaceRx/workspacerx-app/node_modules/tsx/dist/register-CqMfTiWi.mjs:2:8745)
    at resolveDirectorySync (file:///C:/Users/cladi/OneDrive/Desktop/Shirley%20Ryan/WorkSpaceRx/workspacerx-app/node_modules/tsx/dist/register-CqMfTiWi.mjs:2:9958)
    at resolveTsPathsSync (file:///C:/Users/cladi/OneDrive/Desktop/Shirley%20Ryan/WorkSpaceRx/workspacerx-app/node_modules/tsx/dist/register-CqMfTiWi.mjs:2:11190) {
  code: 'ERR_MODULE_NOT_FOUND'
}

Node.js v24.16.0
1:12:49 PM [tsx] change in ./src\services\analysisService.ts Rerunning...
c1:12:49 PM [tsx] change in ./src\index.ts Restarting...
cnode:internal/modules/package_json_reader:301
  throw new ERR_MODULE_NOT_FOUND(packageName, fileURLToPath(base), null);
        ^

Error [ERR_MODULE_NOT_FOUND]: Cannot find package '@google/generative-ai' imported from C:\Users\cladi\OneDrive\Desktop\Shirley Ryan\WorkSpaceRx\workspacerx-app\backend\src\services\analysisService.ts
    at Object.getPackageJSONURL (node:internal/modules/package_json_reader:301:9)
    at packageResolve (node:internal/modules/esm/resolve:768:81)
    at moduleResolve (node:internal/modules/esm/resolve:859:18)
    at defaultResolve (node:internal/modules/esm/resolve:992:11)
    at #cachedDefaultResolve (node:internal/modules/esm/loader:691:20)
    at #resolveAndMaybeBlockOnLoaderThread (node:internal/modules/esm/loader:708:38)
    at nextStep (node:internal/modules/customization_hooks:189:26)
    at resolveBaseSync (file:///C:/Users/cladi/OneDrive/Desktop/Shirley%20Ryan/WorkSpaceRx/workspacerx-app/node_modules/tsx/dist/register-CqMfTiWi.mjs:2:8745)
    at resolveDirectorySync (file:///C:/Users/cladi/OneDrive/Desktop/Shirley%20Ryan/WorkSpaceRx/workspacerx-app/node_modules/tsx/dist/register-CqMfTiWi.mjs:2:9958)
    at resolveTsPathsSync (file:///C:/Users/cladi/OneDrive/Desktop/Shirley%20Ryan/WorkSpaceRx/workspacerx-app/node_modules/tsx/dist/register-CqMfTiWi.mjs:2:11190) {
  code: 'ERR_MODULE_NOT_FOUND'
}

Node.js v24.16.0
1:14:02 PM [tsx] change in ./src\index.ts Rerunning...
c1:14:02 PM [tsx] change in ./src\services\analysisService.ts Restarting...
cnode:events:487
      throw er; // Unhandled 'error' event
      ^

Error: listen EADDRINUSE: address already in use :::3000
    at Server.setupListenHandle [as _listen2] (node:net:2008:16)
    at listenInCluster (node:net:2065:12)
    at Server.listen (node:net:2170:7)
    at app.listen (C:\Users\cladi\OneDrive\Desktop\Shirley Ryan\WorkSpaceRx\workspacerx-app\node_modules\express\lib\application.js:635:24)
    at <anonymous> (C:\Users\cladi\OneDrive\Desktop\Shirley Ryan\WorkSpaceRx\workspacerx-app\backend\src\index.ts:85:5)
    at ModuleJob.run (node:internal/modules/esm/module_job:439:25)
    at async node:internal/modules/esm/loader:633:26
    at async asyncRunEntryPointWithESMLoader (node:internal/modules/run_main:101:5)
Emitted 'error' event on Server instance at:
    at emitErrorNT (node:net:2044:8)
    at process.processTicksAndRejections (node:internal/process/task_queues:90:21) {
  code: 'EADDRINUSE',
  errno: -4091,
  syscall: 'listen',
  address: '::',
  port: 3000
}

Node.js v24.16.0
1:15:19 PM [tsx] change in ./src\index.ts Rerunning...
c
❌ Error: Port 3000 is already in use.
This usually means another instance of the server is still running.
To fix this, kill the process using port 3000 or change the PORT in your .env file.

1:24:58 PM [tsx] change in ./src\index.ts Rerunning...
c
❌ Error: Port 3000 is already in use.
This usually means another instance of the server is still running.
To fix this, kill the process using port 3000 or change the PORT in your .env file.

1:26:23 PM [tsx] change in ./src\index.ts Rerunning...
c
❌ Error: Port 3000 is already in use.
This usually means another instance of the server is still running.
To fix this, kill the process using port 3000 or change the PORT in your .env file.

1:28:18 PM [tsx] change in ./src\services\analysisService.ts Rerunning...
c
❌ Error: Port 3000 is already in use.
This usually means another instance of the server is still running.
To fix this, kill the process using port 3000 or change the PORT in your .env file.

1:30:26 PM [tsx] change in ./src\services\analysisService.ts Rerunning...
c
❌ Error: Port 3000 is already in use.
This usually means another instance of the server is still running.
To fix this, kill the process using port 3000 or change the PORT in your .env file.

1:31:31 PM [tsx] change in ./src\services\analysisService.ts Rerunning...
c1:31:33 PM [tsx] change in ./src\index.ts Restarting...
c✓ Backend running on port 3000
✓ Testing link: http://127.0.0.1:3000/api/health
1:36:37 PM [tsx] change in ./src\services\analysisService.ts Restarting...
c1:36:38 PM [tsx] change in ./src\index.ts Restarting...
c
❌ Error: Port 3000 is already in use.
This usually means another instance of the server is still running.
To fix this, kill the process using port 3000 or change the PORT in your .env file.

1:42:44 PM [tsx] change in ./src\services\analysisService.ts Rerunning...
c
❌ Error: Port 3000 is already in use.
This usually means another instance of the server is still running.
To fix this, kill the process using port 3000 or change the PORT in your .env file.

1:45:15 PM [tsx] change in ./src\services\analysisService.ts Rerunning...
c
❌ Error: Port 3000 is already in use.
This usually means another instance of the server is still running.
To fix this, kill the process using port 3000 or change the PORT in your .env file.

1:48:54 PM [tsx] change in ./src\services\analysisService.ts Rerunning...
c
❌ Error: Port 3000 is already in use.
This usually means another instance of the server is still running.
To fix this, kill the process using port 3000 or change the PORT in your .env file.

3:55:10 PM [tsx] change in ./src\index.ts Rerunning...
c✅ GEMINI_API_KEY loaded successfully: AQ.A...1XCA

❌ Error: Port 3000 is already in use.
This usually means another instance of the server is still running.
To fix this, kill the process using port 3000 or change the PORT in your .env file.

3:55:14 PM [tsx] change in ./src\services\analysisService.ts Rerunning...
c✅ GEMINI_API_KEY loaded successfully: AQ.A...1XCA
✓ Backend running on port 3000
✓ Testing link: http://localhost:3000/api/health
3:58:52 PM [tsx] change in ./src\services\analysisService.ts Restarting...
c✅ GEMINI_API_KEY loaded successfully: AQ.A...1XCA

❌ Error: Port 3000 is already in use.
This usually means another instance of the server is still running.
To fix this, kill the process using port 3000 or change the PORT in your .env file.

4:00:22 PM [tsx] change in ./src\index.ts Rerunning...
c✅ GEMINI_API_KEY loaded successfully: AQ.A...1XCA

❌ Error: Port 3000 is already in use.
This usually means another instance of the server is still running.
To fix this, kill the process using port 3000 or change the PORT in your .env file.

4:11:22 PM [tsx] change in ./src\index.ts Rerunning...
c4:11:22 PM [tsx] change in ./src\services\analysisService.ts Restarting...
c✅ GEMINI_API_KEY loaded successfully: AQ.A...1XCA
✓ Backend running on port 5177
✓ Testing link: http://localhost:5177/api/health
4:14:23 PM [tsx] change in ./src\index.ts Restarting...
c✅ GEMINI_API_KEY loaded successfully: AQ.A...1XCA

❌ Error: Port 5177 is already in use.
This usually means another instance of the server is still running.
To fix this, kill the process using port 5177 or change the PORT in your .env file.

4:16:06 PM [tsx] change in ./src\index.ts Rerunning...
c✅ GEMINI_API_KEY loaded successfully: AQ.A...1XCA

❌ Error: Port 5177 is already in use.
This usually means another instance of the server is still running.
To fix this, kill the process using port 5177 or change the PORT in your .env file.

